[25-Nov-2015 18:04:20 UTC] PHP Fatal error:  Cannot redeclare App\Http\Controllers\Hello::show() in /home/ubuntu/workspace/quickstart/app/Http/Controllers/Hello.php on line 89
[25-Nov-2015 18:04:20 UTC] PHP Stack trace:
[25-Nov-2015 18:04:20 UTC] PHP   1. {main}() /home/ubuntu/workspace/quickstart/server.php:0
[25-Nov-2015 18:04:20 UTC] PHP   2. require_once() /home/ubuntu/workspace/quickstart/server.php:21
[25-Nov-2015 18:04:20 UTC] PHP   3. Illuminate\Foundation\Http\Kernel->handle() /home/ubuntu/workspace/quickstart/public/index.php:54
[25-Nov-2015 18:04:20 UTC] PHP   4. Illuminate\Foundation\Http\Kernel->sendRequestThroughRouter() /home/ubuntu/workspace/quickstart/vendor/laravel/framework/src/Illuminate/Foundation/Http/Kernel.php:87
[25-Nov-2015 18:04:20 UTC] PHP   5. Illuminate\Pipeline\Pipeline->then() /home/ubuntu/workspace/quickstart/vendor/laravel/framework/src/Illuminate/Foundation/Http/Kernel.php:122
[25-Nov-2015 18:04:20 UTC] PHP   6. call_user_func:{/home/ubuntu/workspace/quickstart/vendor/laravel/framework/src/Illuminate/Pipeline/Pipeline.php:103}() /home/ubuntu/workspace/quickstart/vendor/laravel/framework/src/Illuminate/Pipeline/Pipeline.php:103
[25-Nov-2015 18:04:20 UTC] PHP   7. Illuminate\Pipeline\Pipeline->Illuminate\Pipeline\{closure}() /home/ubuntu/workspace/quickstart/vendor/laravel/framework/src/Illuminate/Pipeline/Pipeline.php:103
[25-Nov-2015 18:04:20 UTC] PHP   8. call_user_func_array:{/home/ubuntu/workspace/quickstart/vendor/laravel/framework/src/Illuminate/Pipeline/Pipeline.php:124}() /home/ubuntu/workspace/quickstart/vendor/laravel/framework/src/Illuminate/Pipeline/Pipeline.php:124
[25-Nov-2015 18:04:20 UTC] PHP   9. Illuminate\Foundation\Http\Middleware\CheckForMaintenanceMode->handle() /home/ubuntu/workspace/quickstart/vendor/laravel/framework/src/Illuminate/Pipeline/Pipeline.php:124
[25-Nov-2015 18:04:20 UTC] PHP  10. Illuminate\Pipeline\Pipeline->Illuminate\Pipeline\{closure}() /home/ubuntu/workspace/quickstart/vendor/laravel/framework/src/Illuminate/Foundation/Http/Middleware/CheckForMaintenanceMode.php:42
[25-Nov-2015 18:04:20 UTC] PHP  11. call_user_func_array:{/home/ubuntu/workspace/quickstart/vendor/laravel/framework/src/Illuminate/Pipeline/Pipeline.php:124}() /home/ubuntu/workspace/quickstart/vendor/laravel/framework/src/Illuminate/Pipeline/Pipeline.php:124
[25-Nov-2015 18:04:20 UTC] PHP  12. Illuminate\Cookie\Middleware\EncryptCookies->handle() /home/ubuntu/workspace/quickstart/vendor/laravel/framework/src/Illuminate/Pipeline/Pipeline.php:124
[25-Nov-2015 18:04:20 UTC] PHP  13. Illuminate\Pipeline\Pipeline->Illuminate\Pipeline\{closure}() /home/ubuntu/workspace/quickstart/vendor/laravel/framework/src/Illuminate/Cookie/Middleware/EncryptCookies.php:59
[25-Nov-2015 18:04:20 UTC] PHP  14. call_user_func_array:{/home/ubuntu/workspace/quickstart/vendor/laravel/framework/src/Illuminate/Pipeline/Pipeline.php:124}() /home/ubuntu/workspace/quickstart/vendor/laravel/framework/src/Illuminate/Pipeline/Pipeline.php:124
[25-Nov-2015 18:04:20 UTC] PHP  15. Illuminate\Cookie\Middleware\AddQueuedCookiesToResponse->handle() /home/ubuntu/workspace/quickstart/vendor/laravel/framework/src/Illuminate/Pipeline/Pipeline.php:124
[25-Nov-2015 18:04:20 UTC] PHP  16. Illuminate\Pipeline\Pipeline->Illuminate\Pipeline\{closure}() /home/ubuntu/workspace/quickstart/vendor/laravel/framework/src/Illuminate/Cookie/Middleware/AddQueuedCookiesToResponse.php:37
[25-Nov-2015 18:04:20 UTC] PHP  17. call_user_func_array:{/home/ubuntu/workspace/quickstart/vendor/laravel/framework/src/Illuminate/Pipeline/Pipeline.php:124}() /home/ubuntu/workspace/quickstart/vendor/laravel/framework/src/Illuminate/Pipeline/Pipeline.php:124
[25-Nov-2015 18:04:20 UTC] PHP  18. Illuminate\Session\Middleware\StartSession->handle() /home/ubuntu/workspace/quickstart/vendor/laravel/framework/src/Illuminate/Pipeline/Pipeline.php:124
[25-Nov-2015 18:04:20 UTC] PHP  19. Illuminate\Pipeline\Pipeline->Illuminate\Pipeline\{closure}() /home/ubuntu/workspace/quickstart/vendor/laravel/framework/src/Illuminate/Session/Middleware/StartSession.php:62
[25-Nov-2015 18:04:20 UTC] PHP  20. call_user_func_array:{/home/ubuntu/workspace/quickstart/vendor/laravel/framework/src/Illuminate/Pipeline/Pipeline.php:124}() /home/ubuntu/workspace/quickstart/vendor/laravel/framework/src/Illuminate/Pipeline/Pipeline.php:124
[25-Nov-2015 18:04:20 UTC] PHP  21. Illuminate\View\Middleware\ShareErrorsFromSession->handle() /home/ubuntu/workspace/quickstart/vendor/laravel/framework/src/Illuminate/Pipeline/Pipeline.php:124
[25-Nov-2015 18:04:20 UTC] PHP  22. Illuminate\Pipeline\Pipeline->Illuminate\Pipeline\{closure}() /home/ubuntu/workspace/quickstart/vendor/laravel/framework/src/Illuminate/View/Middleware/ShareErrorsFromSession.php:49
[25-Nov-2015 18:04:20 UTC] PHP  23. call_user_func_array:{/home/ubuntu/workspace/quickstart/vendor/laravel/framework/src/Illuminate/Pipeline/Pipeline.php:124}() /home/ubuntu/workspace/quickstart/vendor/laravel/framework/src/Illuminate/Pipeline/Pipeline.php:124
[25-Nov-2015 18:04:20 UTC] PHP  24. Illuminate\Foundation\Http\Middleware\VerifyCsrfToken->handle() /home/ubuntu/workspace/quickstart/vendor/laravel/framework/src/Illuminate/Pipeline/Pipeline.php:124
[25-Nov-2015 18:04:20 UTC] PHP  25. Illuminate\Pipeline\Pipeline->Illuminate\Pipeline\{closure}() /home/ubuntu/workspace/quickstart/vendor/laravel/framework/src/Illuminate/Foundation/Http/Middleware/VerifyCsrfToken.php:50
[25-Nov-2015 18:04:20 UTC] PHP  26. call_user_func:{/home/ubuntu/workspace/quickstart/vendor/laravel/framework/src/Illuminate/Pipeline/Pipeline.php:139}() /home/ubuntu/workspace/quickstart/vendor/laravel/framework/src/Illuminate/Pipeline/Pipeline.php:139
[25-Nov-2015 18:04:20 UTC] PHP  27. Illuminate\Foundation\Http\Kernel->Illuminate\Foundation\Http\{closure}() /home/ubuntu/workspace/quickstart/vendor/laravel/framework/src/Illuminate/Pipeline/Pipeline.php:139
[25-Nov-2015 18:04:20 UTC] PHP  28. Illuminate\Routing\Router->dispatch() /home/ubuntu/workspace/quickstart/vendor/laravel/framework/src/Illuminate/Foundation/Http/Kernel.php:236
[25-Nov-2015 18:04:20 UTC] PHP  29. Illuminate\Routing\Router->dispatchToRoute() /home/ubuntu/workspace/quickstart/vendor/laravel/framework/src/Illuminate/Routing/Router.php:639
[25-Nov-2015 18:04:20 UTC] PHP  30. Illuminate\Routing\Router->runRouteWithinStack() /home/ubuntu/workspace/quickstart/vendor/laravel/framework/src/Illuminate/Routing/Router.php:679
[25-Nov-2015 18:04:20 UTC] PHP  31. Illuminate\Pipeline\Pipeline->then() /home/ubuntu/workspace/quickstart/vendor/laravel/framework/src/Illuminate/Routing/Router.php:714
[25-Nov-2015 18:04:20 UTC] PHP  32. call_user_func:{/home/ubuntu/workspace/quickstart/vendor/laravel/framework/src/Illuminate/Pipeline/Pipeline.php:103}() /home/ubuntu/workspace/quickstart/vendor/laravel/framework/src/Illuminate/Pipeline/Pipeline.php:103
[25-Nov-2015 18:04:20 UTC] PHP  33. Illuminate\Pipeline\Pipeline->Illuminate\Pipeline\{closure}() /home/ubuntu/workspace/quickstart/vendor/laravel/framework/src/Illuminate/Pipeline/Pipeline.php:103
[25-Nov-2015 18:04:20 UTC] PHP  34. call_user_func:{/home/ubuntu/workspace/quickstart/vendor/laravel/framework/src/Illuminate/Pipeline/Pipeline.php:139}() /home/ubuntu/workspace/quickstart/vendor/laravel/framework/src/Illuminate/Pipeline/Pipeline.php:139
[25-Nov-2015 18:04:20 UTC] PHP  35. Illuminate\Routing\Router->Illuminate\Routing\{closure}() /home/ubuntu/workspace/quickstart/vendor/laravel/framework/src/Illuminate/Pipeline/Pipeline.php:139
[25-Nov-2015 18:04:20 UTC] PHP  36. Illuminate\Routing\Route->run() /home/ubuntu/workspace/quickstart/vendor/laravel/framework/src/Illuminate/Routing/Router.php:712
[25-Nov-2015 18:04:20 UTC] PHP  37. Illuminate\Routing\Route->runWithCustomDispatcher() /home/ubuntu/workspace/quickstart/vendor/laravel/framework/src/Illuminate/Routing/Route.php:134
[25-Nov-2015 18:04:20 UTC] PHP  38. Illuminate\Routing\ControllerDispatcher->dispatch() /home/ubuntu/workspace/quickstart/vendor/laravel/framework/src/Illuminate/Routing/Route.php:203
[25-Nov-2015 18:04:20 UTC] PHP  39. Illuminate\Routing\ControllerDispatcher->makeController() /home/ubuntu/workspace/quickstart/vendor/laravel/framework/src/Illuminate/Routing/ControllerDispatcher.php:57
[25-Nov-2015 18:04:20 UTC] PHP  40. Illuminate\Foundation\Application->make() /home/ubuntu/workspace/quickstart/vendor/laravel/framework/src/Illuminate/Routing/ControllerDispatcher.php:85
[25-Nov-2015 18:04:20 UTC] PHP  41. Illuminate\Container\Container->make() /home/ubuntu/workspace/quickstart/vendor/laravel/framework/src/Illuminate/Foundation/Application.php:674
[25-Nov-2015 18:04:20 UTC] PHP  42. Illuminate\Container\Container->build() /home/ubuntu/workspace/quickstart/vendor/laravel/framework/src/Illuminate/Container/Container.php:627
[25-Nov-2015 18:04:20 UTC] PHP  43. ReflectionClass->__construct() /home/ubuntu/workspace/quickstart/vendor/laravel/framework/src/Illuminate/Container/Container.php:737
[25-Nov-2015 18:04:20 UTC] PHP  44. spl_autoload_call() /home/ubuntu/workspace/quickstart/vendor/laravel/framework/src/Illuminate/Container/Container.php:737
[25-Nov-2015 18:04:20 UTC] PHP  45. Composer\Autoload\ClassLoader->loadClass() /home/ubuntu/workspace/quickstart/vendor/laravel/framework/src/Illuminate/Container/Container.php:737
[25-Nov-2015 18:04:20 UTC] PHP  46. Composer\Autoload\includeFile() /home/ubuntu/workspace/quickstart/vendor/composer/ClassLoader.php:301
[25-Nov-2015 18:04:39 UTC] PHP Fatal error:  Cannot redeclare App\Http\Controllers\Hello::show() in /home/ubuntu/workspace/quickstart/app/Http/Controllers/Hello.php on line 89
[25-Nov-2015 18:04:39 UTC] PHP Stack trace:
[25-Nov-2015 18:04:39 UTC] PHP   1. {main}() /home/ubuntu/workspace/quickstart/server.php:0
[25-Nov-2015 18:04:39 UTC] PHP   2. require_once() /home/ubuntu/workspace/quickstart/server.php:21
[25-Nov-2015 18:04:39 UTC] PHP   3. Illuminate\Foundation\Http\Kernel->handle() /home/ubuntu/workspace/quickstart/public/index.php:54
[25-Nov-2015 18:04:39 UTC] PHP   4. Illuminate\Foundation\Http\Kernel->sendRequestThroughRouter() /home/ubuntu/workspace/quickstart/vendor/laravel/framework/src/Illuminate/Foundation/Http/Kernel.php:87
[25-Nov-2015 18:04:39 UTC] PHP   5. Illuminate\Pipeline\Pipeline->then() /home/ubuntu/workspace/quickstart/vendor/laravel/framework/src/Illuminate/Foundation/Http/Kernel.php:122
[25-Nov-2015 18:04:39 UTC] PHP   6. call_user_func:{/home/ubuntu/workspace/quickstart/vendor/laravel/framework/src/Illuminate/Pipeline/Pipeline.php:103}() /home/ubuntu/workspace/quickstart/vendor/laravel/framework/src/Illuminate/Pipeline/Pipeline.php:103
[25-Nov-2015 18:04:39 UTC] PHP   7. Illuminate\Pipeline\Pipeline->Illuminate\Pipeline\{closure}() /home/ubuntu/workspace/quickstart/vendor/laravel/framework/src/Illuminate/Pipeline/Pipeline.php:103
[25-Nov-2015 18:04:39 UTC] PHP   8. call_user_func_array:{/home/ubuntu/workspace/quickstart/vendor/laravel/framework/src/Illuminate/Pipeline/Pipeline.php:124}() /home/ubuntu/workspace/quickstart/vendor/laravel/framework/src/Illuminate/Pipeline/Pipeline.php:124
[25-Nov-2015 18:04:39 UTC] PHP   9. Illuminate\Foundation\Http\Middleware\CheckForMaintenanceMode->handle() /home/ubuntu/workspace/quickstart/vendor/laravel/framework/src/Illuminate/Pipeline/Pipeline.php:124
[25-Nov-2015 18:04:39 UTC] PHP  10. Illuminate\Pipeline\Pipeline->Illuminate\Pipeline\{closure}() /home/ubuntu/workspace/quickstart/vendor/laravel/framework/src/Illuminate/Foundation/Http/Middleware/CheckForMaintenanceMode.php:42
[25-Nov-2015 18:04:39 UTC] PHP  11. call_user_func_array:{/home/ubuntu/workspace/quickstart/vendor/laravel/framework/src/Illuminate/Pipeline/Pipeline.php:124}() /home/ubuntu/workspace/quickstart/vendor/laravel/framework/src/Illuminate/Pipeline/Pipeline.php:124
[25-Nov-2015 18:04:39 UTC] PHP  12. Illuminate\Cookie\Middleware\EncryptCookies->handle() /home/ubuntu/workspace/quickstart/vendor/laravel/framework/src/Illuminate/Pipeline/Pipeline.php:124
[25-Nov-2015 18:04:39 UTC] PHP  13. Illuminate\Pipeline\Pipeline->Illuminate\Pipeline\{closure}() /home/ubuntu/workspace/quickstart/vendor/laravel/framework/src/Illuminate/Cookie/Middleware/EncryptCookies.php:59
[25-Nov-2015 18:04:39 UTC] PHP  14. call_user_func_array:{/home/ubuntu/workspace/quickstart/vendor/laravel/framework/src/Illuminate/Pipeline/Pipeline.php:124}() /home/ubuntu/workspace/quickstart/vendor/laravel/framework/src/Illuminate/Pipeline/Pipeline.php:124
[25-Nov-2015 18:04:39 UTC] PHP  15. Illuminate\Cookie\Middleware\AddQueuedCookiesToResponse->handle() /home/ubuntu/workspace/quickstart/vendor/laravel/framework/src/Illuminate/Pipeline/Pipeline.php:124
[25-Nov-2015 18:04:39 UTC] PHP  16. Illuminate\Pipeline\Pipeline->Illuminate\Pipeline\{closure}() /home/ubuntu/workspace/quickstart/vendor/laravel/framework/src/Illuminate/Cookie/Middleware/AddQueuedCookiesToResponse.php:37
[25-Nov-2015 18:04:39 UTC] PHP  17. call_user_func_array:{/home/ubuntu/workspace/quickstart/vendor/laravel/framework/src/Illuminate/Pipeline/Pipeline.php:124}() /home/ubuntu/workspace/quickstart/vendor/laravel/framework/src/Illuminate/Pipeline/Pipeline.php:124
[25-Nov-2015 18:04:39 UTC] PHP  18. Illuminate\Session\Middleware\StartSession->handle() /home/ubuntu/workspace/quickstart/vendor/laravel/framework/src/Illuminate/Pipeline/Pipeline.php:124
[25-Nov-2015 18:04:39 UTC] PHP  19. Illuminate\Pipeline\Pipeline->Illuminate\Pipeline\{closure}() /home/ubuntu/workspace/quickstart/vendor/laravel/framework/src/Illuminate/Session/Middleware/StartSession.php:62
[25-Nov-2015 18:04:39 UTC] PHP  20. call_user_func_array:{/home/ubuntu/workspace/quickstart/vendor/laravel/framework/src/Illuminate/Pipeline/Pipeline.php:124}() /home/ubuntu/workspace/quickstart/vendor/laravel/framework/src/Illuminate/Pipeline/Pipeline.php:124
[25-Nov-2015 18:04:39 UTC] PHP  21. Illuminate\View\Middleware\ShareErrorsFromSession->handle() /home/ubuntu/workspace/quickstart/vendor/laravel/framework/src/Illuminate/Pipeline/Pipeline.php:124
[25-Nov-2015 18:04:39 UTC] PHP  22. Illuminate\Pipeline\Pipeline->Illuminate\Pipeline\{closure}() /home/ubuntu/workspace/quickstart/vendor/laravel/framework/src/Illuminate/View/Middleware/ShareErrorsFromSession.php:49
[25-Nov-2015 18:04:39 UTC] PHP  23. call_user_func_array:{/home/ubuntu/workspace/quickstart/vendor/laravel/framework/src/Illuminate/Pipeline/Pipeline.php:124}() /home/ubuntu/workspace/quickstart/vendor/laravel/framework/src/Illuminate/Pipeline/Pipeline.php:124
[25-Nov-2015 18:04:39 UTC] PHP  24. Illuminate\Foundation\Http\Middleware\VerifyCsrfToken->handle() /home/ubuntu/workspace/quickstart/vendor/laravel/framework/src/Illuminate/Pipeline/Pipeline.php:124
[25-Nov-2015 18:04:39 UTC] PHP  25. Illuminate\Pipeline\Pipeline->Illuminate\Pipeline\{closure}() /home/ubuntu/workspace/quickstart/vendor/laravel/framework/src/Illuminate/Foundation/Http/Middleware/VerifyCsrfToken.php:50
[25-Nov-2015 18:04:39 UTC] PHP  26. call_user_func:{/home/ubuntu/workspace/quickstart/vendor/laravel/framework/src/Illuminate/Pipeline/Pipeline.php:139}() /home/ubuntu/workspace/quickstart/vendor/laravel/framework/src/Illuminate/Pipeline/Pipeline.php:139
[25-Nov-2015 18:04:39 UTC] PHP  27. Illuminate\Foundation\Http\Kernel->Illuminate\Foundation\Http\{closure}() /home/ubuntu/workspace/quickstart/vendor/laravel/framework/src/Illuminate/Pipeline/Pipeline.php:139
[25-Nov-2015 18:04:39 UTC] PHP  28. Illuminate\Routing\Router->dispatch() /home/ubuntu/workspace/quickstart/vendor/laravel/framework/src/Illuminate/Foundation/Http/Kernel.php:236
[25-Nov-2015 18:04:39 UTC] PHP  29. Illuminate\Routing\Router->dispatchToRoute() /home/ubuntu/workspace/quickstart/vendor/laravel/framework/src/Illuminate/Routing/Router.php:639
[25-Nov-2015 18:04:39 UTC] PHP  30. Illuminate\Routing\Router->runRouteWithinStack() /home/ubuntu/workspace/quickstart/vendor/laravel/framework/src/Illuminate/Routing/Router.php:679
[25-Nov-2015 18:04:39 UTC] PHP  31. Illuminate\Pipeline\Pipeline->then() /home/ubuntu/workspace/quickstart/vendor/laravel/framework/src/Illuminate/Routing/Router.php:714
[25-Nov-2015 18:04:39 UTC] PHP  32. call_user_func:{/home/ubuntu/workspace/quickstart/vendor/laravel/framework/src/Illuminate/Pipeline/Pipeline.php:103}() /home/ubuntu/workspace/quickstart/vendor/laravel/framework/src/Illuminate/Pipeline/Pipeline.php:103
[25-Nov-2015 18:04:39 UTC] PHP  33. Illuminate\Pipeline\Pipeline->Illuminate\Pipeline\{closure}() /home/ubuntu/workspace/quickstart/vendor/laravel/framework/src/Illuminate/Pipeline/Pipeline.php:103
[25-Nov-2015 18:04:39 UTC] PHP  34. call_user_func:{/home/ubuntu/workspace/quickstart/vendor/laravel/framework/src/Illuminate/Pipeline/Pipeline.php:139}() /home/ubuntu/workspace/quickstart/vendor/laravel/framework/src/Illuminate/Pipeline/Pipeline.php:139
[25-Nov-2015 18:04:39 UTC] PHP  35. Illuminate\Routing\Router->Illuminate\Routing\{closure}() /home/ubuntu/workspace/quickstart/vendor/laravel/framework/src/Illuminate/Pipeline/Pipeline.php:139
[25-Nov-2015 18:04:39 UTC] PHP  36. Illuminate\Routing\Route->run() /home/ubuntu/workspace/quickstart/vendor/laravel/framework/src/Illuminate/Routing/Router.php:712
[25-Nov-2015 18:04:39 UTC] PHP  37. Illuminate\Routing\Route->runWithCustomDispatcher() /home/ubuntu/workspace/quickstart/vendor/laravel/framework/src/Illuminate/Routing/Route.php:134
[25-Nov-2015 18:04:39 UTC] PHP  38. Illuminate\Routing\ControllerDispatcher->dispatch() /home/ubuntu/workspace/quickstart/vendor/laravel/framework/src/Illuminate/Routing/Route.php:203
[25-Nov-2015 18:04:39 UTC] PHP  39. Illuminate\Routing\ControllerDispatcher->makeController() /home/ubuntu/workspace/quickstart/vendor/laravel/framework/src/Illuminate/Routing/ControllerDispatcher.php:57
[25-Nov-2015 18:04:39 UTC] PHP  40. Illuminate\Foundation\Application->make() /home/ubuntu/workspace/quickstart/vendor/laravel/framework/src/Illuminate/Routing/ControllerDispatcher.php:85
[25-Nov-2015 18:04:39 UTC] PHP  41. Illuminate\Container\Container->make() /home/ubuntu/workspace/quickstart/vendor/laravel/framework/src/Illuminate/Foundation/Application.php:674
[25-Nov-2015 18:04:39 UTC] PHP  42. Illuminate\Container\Container->build() /home/ubuntu/workspace/quickstart/vendor/laravel/framework/src/Illuminate/Container/Container.php:627
[25-Nov-2015 18:04:39 UTC] PHP  43. ReflectionClass->__construct() /home/ubuntu/workspace/quickstart/vendor/laravel/framework/src/Illuminate/Container/Container.php:737
[25-Nov-2015 18:04:39 UTC] PHP  44. spl_autoload_call() /home/ubuntu/workspace/quickstart/vendor/laravel/framework/src/Illuminate/Container/Container.php:737
[25-Nov-2015 18:04:39 UTC] PHP  45. Composer\Autoload\ClassLoader->loadClass() /home/ubuntu/workspace/quickstart/vendor/laravel/framework/src/Illuminate/Container/Container.php:737
[25-Nov-2015 18:04:39 UTC] PHP  46. Composer\Autoload\includeFile() /home/ubuntu/workspace/quickstart/vendor/composer/ClassLoader.php:301
